<?xml version="1.0" encoding="UTF-8"?>
<!-- Generated by org.testng.reporters.JUnitReportReporter -->
<testsuite skipped="0" hostname="MacBook-Pro.local" name="com.app.tests.EmployeesDbTest" tests="2" failures="0" timestamp="14 Apr 2018 21:25:32 GMT" time="0.270" errors="0">
  <testcase name="countTest" time="0.140" classname="com.app.tests.EmployeesDbTest"/>
  <testcase name="nameTestByID" time="0.130" classname="com.app.tests.EmployeesDbTest"/>
</testsuite> <!-- com.app.tests.EmployeesDbTest -->
